<?xml version="1.0" encoding="UTF-8"?>
<testng-results ignored="0" total="1" passed="1" failed="0" skipped="0">
  <reporter-output>
  </reporter-output>
  <suite started-at="2020-06-15T17:58:08Z" name="Default suite" finished-at="2020-06-15T17:58:24Z" duration-ms="16725">
    <groups>
    </groups>
    <test started-at="2020-06-15T17:58:08Z" name="Default test" finished-at="2020-06-15T17:58:24Z" duration-ms="16725">
      <class name="qa.Tests.LoginPageTests">
        <test-method is-config="true" signature="setup()[pri:0, instance:qa.Tests.LoginPageTests@5c1a8622]" started-at="2020-06-15T17:58:08Z" name="setup" finished-at="2020-06-15T17:58:11Z" duration-ms="3259" status="PASS">
          <reporter-output>
          </reporter-output>
        </test-method> <!-- setup -->
        <test-method signature="login()[pri:0, instance:qa.Tests.LoginPageTests@5c1a8622]" started-at="2020-06-15T17:58:11Z" name="login" finished-at="2020-06-15T17:58:24Z" duration-ms="12709" status="PASS">
          <reporter-output>
          </reporter-output>
        </test-method> <!-- login -->
        <test-method is-config="true" signature="tearDown()[pri:0, instance:qa.Tests.LoginPageTests@5c1a8622]" started-at="2020-06-15T17:58:24Z" name="tearDown" finished-at="2020-06-15T17:58:24Z" duration-ms="733" status="PASS">
          <reporter-output>
          </reporter-output>
        </test-method> <!-- tearDown -->
      </class> <!-- qa.Tests.LoginPageTests -->
    </test> <!-- Default test -->
  </suite> <!-- Default suite -->
</testng-results>
