<?xml version="1.0" encoding="UTF-8"?>
<testng-results ignored="0" total="2" passed="2" failed="0" skipped="0">
  <reporter-output>
  </reporter-output>
  <suite started-at="2020-07-01T09:56:47Z" name="Suite" finished-at="2020-07-01T09:56:59Z" duration-ms="12025">
    <groups>
    </groups>
    <test started-at="2020-07-01T09:56:47Z" name="Test" finished-at="2020-07-01T09:56:59Z" duration-ms="12025">
      <class name="qa.Tests.LoginPageTests">
        <test-method is-config="true" signature="setup()[pri:0, instance:qa.Tests.LoginPageTests@1df82230]" started-at="2020-07-01T09:56:49Z" name="setup" finished-at="2020-07-01T09:56:50Z" duration-ms="57" status="PASS">
          <reporter-output>
          </reporter-output>
        </test-method> <!-- setup -->
        <test-method signature="login()[pri:0, instance:qa.Tests.LoginPageTests@1df82230]" started-at="2020-07-01T09:56:50Z" name="login" description="Customer Login Feature" finished-at="2020-07-01T09:56:54Z" duration-ms="4762" status="PASS">
          <reporter-output>
          </reporter-output>
        </test-method> <!-- login -->
        <test-method signature="loginKCOM()[pri:0, instance:qa.Tests.LoginPageTests@1df82230]" started-at="2020-07-01T09:56:56Z" name="loginKCOM" description="KCOM Feature Login" finished-at="2020-07-01T09:56:58Z" duration-ms="2164" status="PASS">
          <reporter-output>
          </reporter-output>
        </test-method> <!-- loginKCOM -->
        <test-method is-config="true" signature="tearDown()[pri:0, instance:qa.Tests.LoginPageTests@1df82230]" started-at="2020-07-01T09:56:59Z" name="tearDown" finished-at="2020-07-01T09:56:59Z" duration-ms="0" status="PASS">
          <reporter-output>
          </reporter-output>
        </test-method> <!-- tearDown -->
        <test-method is-config="true" signature="after(org.testng.ITestContext)[pri:0, instance:qa.Tests.LoginPageTests@1df82230]" started-at="2020-07-01T09:56:59Z" name="after" finished-at="2020-07-01T09:56:59Z" duration-ms="2" status="PASS">
          <params>
            <param index="0">
              <value>
                <![CDATA[org.testng.TestRunner@1b29d52b]]>
              </value>
            </param>
          </params>
          <reporter-output>
          </reporter-output>
        </test-method> <!-- after -->
      </class> <!-- qa.Tests.LoginPageTests -->
    </test> <!-- Test -->
  </suite> <!-- Suite -->
</testng-results>
